Error: Could not find or load main class AES_NEW
Error: Could not find or load main class AES_NEW.java
Error: Could not find or load main class AES_NEW
Error: Could not find or load main class AES_NEW
Error: Could not find or load main class AES_NEW
Error: Could not find or load main class AES_NEW
Error: Could not find or load main class AES_NEW
Error: Could not find or load main class AES_NEW
Where to start?
Exception in thread "main" java.util.NoSuchElementException
	at java.util.Scanner.throwFor(Scanner.java:907)
	at java.util.Scanner.next(Scanner.java:1530)
	at java.util.Scanner.nextInt(Scanner.java:2160)
	at java.util.Scanner.nextInt(Scanner.java:2119)
	at AES_NEW.main(AES_NEW.java:26)
Where to start?
Exception in thread "main" java.util.NoSuchElementException
	at java.util.Scanner.throwFor(Scanner.java:907)
	at java.util.Scanner.next(Scanner.java:1530)
	at java.util.Scanner.nextInt(Scanner.java:2160)
	at java.util.Scanner.nextInt(Scanner.java:2119)
	at AES_NEW.main(AES_NEW.java:26)
Where to start?
Exception in thread "main" java.util.NoSuchElementException
	at java.util.Scanner.throwFor(Scanner.java:907)
	at java.util.Scanner.next(Scanner.java:1530)
	at java.util.Scanner.nextInt(Scanner.java:2160)
	at java.util.Scanner.nextInt(Scanner.java:2119)
	at AES_NEW.main(AES_NEW.java:26)
Where to start?
Exception in thread "main" java.util.NoSuchElementException
	at java.util.Scanner.throwFor(Scanner.java:907)
	at java.util.Scanner.next(Scanner.java:1530)
	at java.util.Scanner.nextInt(Scanner.java:2160)
	at java.util.Scanner.nextInt(Scanner.java:2119)
	at AES_NEW.main(AES_NEW.java:26)
